  PS4TextureNew.cpp
D:\PS4Code\GraphicsSkeleton\PS4TextureNew.cpp(23,21): error : return type of out-of-line definition of 'PS4TextureNew::LoadTexture' differs from that in the declaration
  D:\PS4Code\GraphicsSkeleton/PS4TextureNew.h(22,7):  note: previous declaration is here
D:\PS4Code\GraphicsSkeleton\PS4TextureNew.cpp(45,2): error : use of undeclared identifier 'Gnf'; did you mean 'sce::Gnf'?
  C:\Program Files (x86)\SCE\ORBIS SDKs\5.000\target\include_common\gnf.h(39,15):  note: 'sce::Gnf' declared here
D:\PS4Code\GraphicsSkeleton\PS4TextureNew.cpp(45,33): error : use of undeclared identifier 'Gnf'; did you mean 'sce::Gnf'?
  C:\Program Files (x86)\SCE\ORBIS SDKs\5.000\target\include_common\gnf.h(39,15):  note: 'sce::Gnf' declared here
D:\PS4Code\GraphicsSkeleton\PS4TextureNew.cpp(47,2): error : use of undeclared identifier 'Gnm'; did you mean 'sce::Gnm'?
  C:\Program Files (x86)\SCE\ORBIS SDKs\5.000\target\include_common\gnf.h(22,12):  note: 'sce::Gnm' declared here
D:\PS4Code\GraphicsSkeleton\PS4TextureNew.cpp(49,21): error : use of undeclared identifier 'garlicAllocator'
D:\PS4Code\GraphicsSkeleton\PS4TextureNew.cpp(50,2): error : use of undeclared identifier 'Gnm'; did you mean 'sce::Gnm'?
  C:\Program Files (x86)\SCE\ORBIS SDKs\5.000\target\include_common\gnf.h(22,12):  note: 'sce::Gnm' declared here
D:\PS4Code\GraphicsSkeleton\PS4TextureNew.cpp(50,95): error : use of undeclared identifier 'Gnm'; did you mean 'sce::Gnm'?
  C:\Program Files (x86)\SCE\ORBIS SDKs\5.000\target\include_common\gnf.h(22,12):  note: 'sce::Gnm' declared here
D:\PS4Code\GraphicsSkeleton\PS4TextureNew.cpp(50,33): error : use of undeclared identifier 'ownerHandle'
D:\PS4Code\GraphicsSkeleton\PS4TextureNew.cpp(50,77): error : use of undeclared identifier 'filename'; did you mean 'filepath'?
  D:\PS4Code\GraphicsSkeleton\PS4TextureNew.cpp(23,52):  note: 'filepath' declared here
D:\PS4Code\GraphicsSkeleton\PS4TextureNew.cpp(50,100): error : no member named 'kResourceTypeTextureBaseAddress' in namespace 'sce::Gnm'
D:\PS4Code\GraphicsSkeleton\PS4TextureNew.cpp(50,7): error : no member named 'registerResource' in namespace 'sce::Gnm'
D:\PS4Code\GraphicsSkeleton\PS4TextureNew.cpp(55,2): error : use of undeclared identifier 'PS4Texture'; did you mean 'Texture'?
  D:\PS4Code\GraphicsSkeleton/PS4TextureNew.h(6,11):  note: 'Texture' declared here
D:\PS4Code\GraphicsSkeleton\PS4TextureNew.cpp(55,2): error : unexpected namespace name 'Texture': expected expression
D:\PS4Code\GraphicsSkeleton\PS4TextureNew.cpp(55,14): error : use of undeclared identifier 'tex'
D:\PS4Code\GraphicsSkeleton\PS4TextureNew.cpp(55,24): error : unknown type name 'PS4Texture'; did you mean 'PS4TextureNew'?
  D:\PS4Code\GraphicsSkeleton/PS4TextureNew.h(11,7):  note: 'PS4TextureNew' declared here
D:\PS4Code\GraphicsSkeleton\PS4TextureNew.cpp(55,24): error : no matching constructor for initialization of 'PS4TextureNew'
  D:\PS4Code\GraphicsSkeleton\PS4TextureNew.cpp(7,16):  note: candidate constructor not viable: requires single argument 'filepath', but no arguments were provided
  D:\PS4Code\GraphicsSkeleton/PS4TextureNew.h(11,7):  note: candidate constructor (the implicit copy constructor) not viable: requires 1 argument, but 0 were provided
D:\PS4Code\GraphicsSkeleton\PS4TextureNew.cpp(56,2): error : use of undeclared identifier 'tex'
D:\PS4Code\GraphicsSkeleton\PS4TextureNew.cpp(58,2): error : use of undeclared identifier 'tex'
D:\PS4Code\GraphicsSkeleton\PS4TextureNew.cpp(58,15): error : use of undeclared identifier 'tex'
CLANGCL : fatal error : too many errors emitted, stopping now [-ferror-limit=]
